  Bank.cpp
C:\Users\user\OneDrive\바탕 화면\San\Lecture\WantedLecture\Second\Assignment\CreditAccount.h(9,20): warning C4244: '*=': 'float'에서 'int'(으)로 변환하면서 데이터가 손실될 수 있습니다.
  (소스 파일 'Bank.cpp'을(를) 컴파일하는 중)
  
C:\Users\user\OneDrive\바탕 화면\San\Lecture\WantedLecture\Second\Assignment\CreditAccount.h(13,27): warning C4244: '*=': 'float'에서 'int'(으)로 변환하면서 데이터가 손실될 수 있습니다.
  (소스 파일 'Bank.cpp'을(를) 컴파일하는 중)
  
C:\Users\user\OneDrive\바탕 화면\San\Lecture\WantedLecture\Second\Assignment\DonationAccount.h(8,41): warning C4244: '초기화 중': 'float'에서 'int'(으)로 변환하면서 데이터가 손실될 수 있습니다.
  (소스 파일 'Bank.cpp'을(를) 컴파일하는 중)
  
C:\Users\user\OneDrive\바탕 화면\San\Lecture\WantedLecture\Second\Assignment\DonationAccount.h(9,20): warning C4244: '*=': 'double'에서 'int'(으)로 변환하면서 데이터가 손실될 수 있습니다.
  (소스 파일 'Bank.cpp'을(를) 컴파일하는 중)
  
C:\Users\user\OneDrive\바탕 화면\San\Lecture\WantedLecture\Second\Assignment\DonationAccount.h(14,13): warning C4244: '*=': 'float'에서 'int'(으)로 변환하면서 데이터가 손실될 수 있습니다.
  (소스 파일 'Bank.cpp'을(를) 컴파일하는 중)
  
C:\Users\user\OneDrive\바탕 화면\San\Lecture\WantedLecture\Second\Assignment\DonationAccount.h(15,22): warning C4244: '+=': 'float'에서 'int'(으)로 변환하면서 데이터가 손실될 수 있습니다.
  (소스 파일 'Bank.cpp'을(를) 컴파일하는 중)
  
  DonationAccount.cpp
C:\Users\user\OneDrive\바탕 화면\San\Lecture\WantedLecture\Second\Assignment\DonationAccount.h(8,41): warning C4244: '초기화 중': 'float'에서 'int'(으)로 변환하면서 데이터가 손실될 수 있습니다.
  (소스 파일 'DonationAccount.cpp'을(를) 컴파일하는 중)
  
C:\Users\user\OneDrive\바탕 화면\San\Lecture\WantedLecture\Second\Assignment\DonationAccount.h(9,20): warning C4244: '*=': 'double'에서 'int'(으)로 변환하면서 데이터가 손실될 수 있습니다.
  (소스 파일 'DonationAccount.cpp'을(를) 컴파일하는 중)
  
C:\Users\user\OneDrive\바탕 화면\San\Lecture\WantedLecture\Second\Assignment\DonationAccount.h(14,13): warning C4244: '*=': 'float'에서 'int'(으)로 변환하면서 데이터가 손실될 수 있습니다.
  (소스 파일 'DonationAccount.cpp'을(를) 컴파일하는 중)
  
C:\Users\user\OneDrive\바탕 화면\San\Lecture\WantedLecture\Second\Assignment\DonationAccount.h(15,22): warning C4244: '+=': 'float'에서 'int'(으)로 변환하면서 데이터가 손실될 수 있습니다.
  (소스 파일 'DonationAccount.cpp'을(를) 컴파일하는 중)
  
  코드를 생성하고 있습니다...
  Assignment.vcxproj -> C:\Users\user\OneDrive\바탕 화면\San\Lecture\WantedLecture\Second\Bin\x64\Debug\Assignment\Assignment.exe
